  counting.cpp
d:\tools\opencv 2.4.9\build\include\opencv2\flann\logger.h(66): warning C4996: 'fopen': This function or variable may be unsafe. Consider using fopen_s instead. To disable deprecation, use _CRT_SECURE_NO_WARNINGS. See online help for details.
  C:\Program Files (x86)\Windows Kits\10\Include\10.0.10240.0\ucrt\stdio.h(205): note: 参见“fopen”的声明
counting.cpp(139): warning C4244: “初始化”: 从“double”转换到“int”，可能丢失数据
counting.cpp(140): warning C4244: “初始化”: 从“double”转换到“int”，可能丢失数据
counting.cpp(167): warning C4244: “参数”: 从“const float”转换到“UINT”，可能丢失数据
counting.cpp(265): warning C4244: “/=”: 从“double”转换到“int”，可能丢失数据
counting.cpp(266): warning C4244: “/=”: 从“double”转换到“int”，可能丢失数据
counting.cpp(267): warning C4244: “/=”: 从“double”转换到“int”，可能丢失数据
counting.cpp(268): warning C4244: “/=”: 从“double”转换到“int”，可能丢失数据
counting.cpp(269): warning C4244: “/=”: 从“double”转换到“int”，可能丢失数据
counting.cpp(270): warning C4244: “/=”: 从“double”转换到“int”，可能丢失数据
counting.cpp(271): warning C4244: “/=”: 从“double”转换到“int”，可能丢失数据
counting.cpp(272): warning C4244: “/=”: 从“double”转换到“int”，可能丢失数据
counting.cpp(300): warning C4018: “<”: 有符号/无符号不匹配
counting.cpp(340): warning C4018: “<”: 有符号/无符号不匹配
counting.cpp(395): warning C4018: “<”: 有符号/无符号不匹配
counting.cpp(482): warning C4996: 'sprintf': This function or variable may be unsafe. Consider using sprintf_s instead. To disable deprecation, use _CRT_SECURE_NO_WARNINGS. See online help for details.
  C:\Program Files (x86)\Windows Kits\10\Include\10.0.10240.0\ucrt\stdio.h(1769): note: 参见“sprintf”的声明
counting.cpp(526): warning C4244: “+=”: 从“double”转换到“int”，可能丢失数据
  正在生成代码
c:\users\fcwpl\documents\visual studio 2015\projects\bottlecounting\bottlecounting\counting.cpp(562): warning C4715: “initSocket”: 不是所有的控件路径都返回值
  All 546 functions were compiled because no usable IPDB/IOBJ from previous compilation was found.
  已完成代码的生成
  BottleCounting.vcxproj -> C:\Users\FCWPL\documents\visual studio 2015\Projects\BottleCounting\Release\BottleCounting.exe
  BottleCounting.vcxproj -> C:\Users\FCWPL\documents\visual studio 2015\Projects\BottleCounting\Release\BottleCounting.pdb (Full PDB)
